SF:lib\src\features\login\presentation\widgets\form_widget.dart
DA:6,0
DA:8,0
DA:10,0
DA:11,0
DA:12,0
DA:15,0
DA:17,0
DA:20,0
DA:21,0
DA:22,0
DA:24,0
DA:25,0
DA:31,0
DA:34,0
DA:35,0
DA:46,2
DA:53,1
DA:55,1
DA:57,1
DA:59,1
DA:61,1
DA:63,0
DA:64,0
LF:23
LH:6
end_of_record
SF:lib\src\features\conditions\presentation\screens\conditions_screen.dart
DA:8,1
DA:10,0
DA:12,0
DA:13,0
DA:15,0
DA:16,0
LF:6
LH:1
end_of_record
SF:lib\src\features\conditions\presentation\widgets\conditions_buttons.dart
DA:4,1
DA:6,0
DA:8,0
DA:10,0
DA:12,0
DA:13,0
DA:16,0
DA:17,0
DA:21,0
DA:24,0
DA:25,0
DA:27,0
DA:28,0
LF:13
LH:1
end_of_record
SF:lib\src\features\conditions\presentation\widgets\header.dart
DA:3,0
DA:5,0
DA:12,0
LF:3
LH:0
end_of_record
